<?xml version="1.0" encoding="UTF-8"?>
<!-- Generated by org.testng.reporters.JUnitReportReporter -->
<testsuite hostname="DESKTOP-GJ6D9AP" failures="0" tests="1" name="page_object_model_testcase.Login_Page_TestCase" time="10.726" errors="0" timestamp="2023-04-10T20:54:07 IST" skipped="0">
  <testcase classname="page_object_model_testcase.Login_Page_TestCase" name="login_page" time="10.726"/>
  <system-out/>
</testsuite> <!-- page_object_model_testcase.Login_Page_TestCase -->
