<?xml version="1.0" encoding="UTF-8"?>
<!-- Generated by org.testng.reporters.JUnitReportReporter -->
<testsuite hostname="DESKTOP-GJ6D9AP" failures="0" tests="1" name="page_object_model_testcase.Admin_TestCase" time="27.382" errors="0" timestamp="2023-04-10T20:54:59 IST" skipped="0">
  <testcase classname="page_object_model_testcase.Admin_TestCase" name="admin_page" time="27.382"/>
  <system-out/>
</testsuite> <!-- page_object_model_testcase.Admin_TestCase -->
