<?xml version="1.0" encoding="UTF-8"?>
<!-- Generated by org.testng.reporters.JUnitReportReporter -->
<testsuite hostname="DESKTOP-GJ6D9AP" failures="0" tests="4" name="data_driven_package.Excel_Sheet_Values" time="45.414" errors="0" timestamp="2023-04-10T17:17:24 IST" skipped="0">
  <testcase classname="data_driven_package.Excel_Sheet_Values" name="both_correct_values" time="10.465"/>
  <system-out/>
  <testcase classname="data_driven_package.Excel_Sheet_Values" name="both_correct_values" time="14.973"/>
  <system-out/>
  <testcase classname="data_driven_package.Excel_Sheet_Values" name="both_correct_values" time="10.575"/>
  <system-out/>
  <testcase classname="data_driven_package.Excel_Sheet_Values" name="both_correct_values" time="9.401"/>
  <system-out/>
</testsuite> <!-- data_driven_package.Excel_Sheet_Values -->
