<?xml version="1.0" encoding="UTF-8"?>
<!-- Generated by org.testng.reporters.JUnitReportReporter -->
<testsuite hostname="DESKTOP-GJ6D9AP" failures="0" tests="1" name="data_driven_package.Both_Wrong" time="9.981" errors="0" timestamp="2023-04-10T16:58:16 IST" skipped="0">
  <testcase classname="data_driven_package.Both_Wrong" name="both_wrong_values" time="9.981"/>
  <system-out/>
</testsuite> <!-- data_driven_package.Both_Wrong -->
