<?xml version="1.0" encoding="UTF-8"?>
<!-- Generated by org.testng.reporters.JUnitReportReporter -->
<testsuite hostname="DESKTOP-GJ6D9AP" failures="0" tests="2" name="testNGPractice.Suite_in_TestNG" time="7.633" errors="0" timestamp="2023-04-10T16:19:39 IST" skipped="0">
  <testcase classname="testNGPractice.Suite_in_TestNG" name="google" time="2.435"/>
  <system-out/>
  <testcase classname="testNGPractice.Suite_in_TestNG" name="yahoo" time="5.198"/>
  <system-out/>
</testsuite> <!-- testNGPractice.Suite_in_TestNG -->
