<?xml version="1.0" encoding="UTF-8"?>
<!-- Generated by org.testng.reporters.JUnitReportReporter -->
<testsuite hostname="DESKTOP-GJ6D9AP" failures="0" tests="4" name="data_driven_package.Both_Correct" time="39.632" errors="0" timestamp="2023-04-10T17:05:41 IST" skipped="0">
  <testcase classname="data_driven_package.Both_Correct" name="both_correct_values" time="10.117"/>
  <system-out/>
  <testcase classname="data_driven_package.Both_Correct" name="both_correct_values" time="9.318"/>
  <system-out/>
  <testcase classname="data_driven_package.Both_Correct" name="both_correct_values" time="11.111"/>
  <system-out/>
  <testcase classname="data_driven_package.Both_Correct" name="both_correct_values" time="9.086"/>
  <system-out/>
</testsuite> <!-- data_driven_package.Both_Correct -->
