<?xml version="1.0" encoding="UTF-8"?>
<!-- Generated by org.testng.reporters.JUnitReportReporter -->
<testsuite hostname="DESKTOP-GJ6D9AP" failures="0" tests="3" name="testNGPractice.DependenciesHandling" time="0.011" errors="0" timestamp="2023-04-10T16:19:39 IST" skipped="0">
  <testcase classname="testNGPractice.DependenciesHandling" name="engineering" time="0.002"/>
  <system-out/>
  <testcase classname="testNGPractice.DependenciesHandling" name="tenthstd" time="0.006"/>
  <system-out/>
  <testcase classname="testNGPractice.DependenciesHandling" name="twenth" time="0.003"/>
  <system-out/>
</testsuite> <!-- testNGPractice.DependenciesHandling -->
