<?xml version="1.0" encoding="UTF-8"?>
<!-- Generated by org.testng.reporters.JUnitReportReporter -->
<testsuite hostname="DESKTOP-GJ6D9AP" failures="0" tests="2" name="testNGPractice.ExecutionParallel" time="14.962" errors="0" timestamp="2023-04-10T16:39:11 IST" skipped="0">
  <testcase classname="testNGPractice.ExecutionParallel" name="google" time="4.844"/>
  <system-out/>
  <testcase classname="testNGPractice.ExecutionParallel" name="yahoo" time="10.118"/>
  <system-out/>
</testsuite> <!-- testNGPractice.ExecutionParallel -->
