<?xml version="1.0" encoding="UTF-8"?>
<!-- Generated by org.testng.reporters.JUnitReportReporter -->
<testsuite hostname="DESKTOP-GJ6D9AP" failures="0" tests="3" name="testNGPractice.SkippingTestCase" time="0.004" errors="0" timestamp="2023-04-10T16:19:39 IST" skipped="1">
  <testcase classname="testNGPractice.SkippingTestCase" name="food" time="0.002"/>
  <system-out/>
  <testcase classname="testNGPractice.SkippingTestCase" name="studies" time="0.002"/>
  <system-out/>
  <testcase classname="testNGPractice.SkippingTestCase" name="games">
    <skipped/>
  </testcase> <!-- games -->
  <system-out/>
</testsuite> <!-- testNGPractice.SkippingTestCase -->
