<?xml version="1.0" encoding="UTF-8"?>
<!-- Generated by org.testng.reporters.JUnitReportReporter -->
<testsuite hostname="DESKTOP-GJ6D9AP" failures="0" tests="2" name="testNGPractice.GroupingExamples" time="0.012" errors="0" timestamp="2023-04-10T16:25:09 IST" skipped="0">
  <testcase classname="testNGPractice.GroupingExamples" name="Apple_Laptop" time="0.010"/>
  <system-out/>
  <testcase classname="testNGPractice.GroupingExamples" name="Dell_Laptop" time="0.002"/>
  <system-out/>
</testsuite> <!-- testNGPractice.GroupingExamples -->
