<?xml version="1.0" encoding="UTF-8"?>
<!-- Generated by org.testng.reporters.JUnitReportReporter -->
<testsuite hostname="DESKTOP-GJ6D9AP" failures="0" tests="3" name="testNGPractice.SetPriority" time="0.006" errors="0" timestamp="2023-04-10T16:19:39 IST" skipped="0">
  <testcase classname="testNGPractice.SetPriority" name="LearnAutomationOnline" time="0.002"/>
  <system-out/>
  <testcase classname="testNGPractice.SetPriority" name="englishpractice" time="0.002"/>
  <system-out/>
  <testcase classname="testNGPractice.SetPriority" name="Automation_Online_Testing" time="0.002"/>
  <system-out/>
</testsuite> <!-- testNGPractice.SetPriority -->
