<?xml version="1.0" encoding="UTF-8"?>
<!-- Generated by org.testng.reporters.JUnitReportReporter -->
<testsuite hostname="DESKTOP-GJ6D9AP" failures="0" tests="1" name="testNGPractice.ParameterizationExample" time="14.719" errors="0" timestamp="2023-04-10T16:32:29 IST" skipped="0">
  <testcase classname="testNGPractice.ParameterizationExample" name="orangeHRM" time="14.719"/>
  <system-out/>
</testsuite> <!-- testNGPractice.ParameterizationExample -->
